<?xml version="1.0" encoding="UTF-8"?>
<!-- Generated by org.testng.reporters.JUnitReportReporter -->
<testsuite hostname="MUM-TSI-AN-L362" failures="0" tests="1" name="com.toothsiC.testCases.Tc_FirstTest_001" time="0.614" errors="0" timestamp="2022-01-19T10:47:01 IST" skipped="0">
  <testcase classname="com.toothsiC.testCases.Tc_FirstTest_001" name="login" time="0.614"/>
  <system-out/>
</testsuite> <!-- com.toothsiC.testCases.Tc_FirstTest_001 -->
