<?xml version="1.0" encoding="UTF-8"?>
<!-- Generated by org.testng.reporters.JUnitReportReporter -->
<testsuite hostname="MUM-TSI-AN-L362" failures="0" tests="1" name="com.toothsi.testcases.testclass" time="5.773" errors="0" timestamp="2022-01-18T15:23:15 IST" skipped="0">
  <testcase classname="com.toothsi.testcases.testclass" name="testmethod" time="5.773"/>
  <system-out/>
</testsuite> <!-- com.toothsi.testcases.testclass -->
